dropbox-sdk-java-master/examples/android/build/outputs/mapping/debug/mapping.txt
# compiler: R8
# compiler_version: 1.5.69
# min_api: 19
# pg_map_id: 682f913
com.dropbox.core.examples.android.DbxRequestConfigFactory -> com.dropbox.core.examples.android.DbxRequestConfigFactory:
    10:15:com.dropbox.core.DbxRequestConfig getRequestConfig() -> getRequestConfig
com.dropbox.core.examples.android.DownloadFileTask -> com.dropbox.core.examples.android.DownloadFileTask:
    33:37:void <init>(android.content.Context,com.dropbox.core.v2.DbxClientV2,com.dropbox.core.examples.android.DownloadFileTask$Callback) -> <init>
    21:21:java.lang.Object doInBackground(java.lang.Object[]) -> doInBackground
    51:83:java.io.File doInBackground(com.dropbox.core.v2.files.FileMetadata[]) -> doInBackground
    21:21:void onPostExecute(java.lang.Object) -> onPostExecute
    41:47:void onPostExecute(java.io.File) -> onPostExecute
com.dropbox.core.examples.android.DropboxActivity -> com.dropbox.core.examples.android.DropboxActivity:
    16:16:void <init>() -> <init>
    81:86:boolean hasToken() -> hasToken
    67:70:void initAndLoadData(java.lang.String) -> initAndLoadData
    23:64:void onResume() -> onResume
    94:96:void startOAuth2Authentication(android.content.Context,java.lang.String,java.lang.String) -> startOAuth2Authentication
com.dropbox.core.examples.android.DropboxClientFactory -> com.dropbox.core.examples.android.DropboxClientFactory:
    27:28:com.dropbox.core.v2.DbxClientV2 getClient() -> getClient
    14:17:void init(java.lang.String) -> init
com.dropbox.core.examples.android.FileThumbnailRequestHandler -> com.dropbox.core.examples.android.FileThumbnailRequestHandler:
    29:31:void <init>(com.dropbox.core.v2.DbxClientV2) -> <init>
    37:37:android.net.Uri buildPicassoUri(com.dropbox.core.v2.files.FileMetadata) -> buildPicassoUri
    45:45:boolean canHandleRequest(com.squareup.picasso.Request) -> canHandleRequest
    52:60:com.squareup.picasso.RequestHandler$Result load(com.squareup.picasso.Request,int) -> load
com.dropbox.core.examples.android.FilesActivity -> com.dropbox.core.examples.android.FilesActivity:
    39:39:void <clinit>() -> <clinit>
    38:38:void <init>() -> <init>
    38:38:void access$000(com.dropbox.core.examples.android.FilesActivity,com.dropbox.core.examples.android.FilesActivity$FileAction) -> access$000
    38:38:com.dropbox.core.v2.files.FileMetadata access$102(com.dropbox.core.examples.android.FilesActivity,com.dropbox.core.v2.files.FileMetadata) -> access$102
    38:38:com.dropbox.core.examples.android.FilesAdapter access$200(com.dropbox.core.examples.android.FilesActivity) -> access$200
    38:38:java.lang.String access$300() -> access$300
    38:38:void access$400(com.dropbox.core.examples.android.FilesActivity,java.io.File) -> access$400
    38:38:void access$500(com.dropbox.core.examples.android.FilesActivity,com.dropbox.core.examples.android.FilesActivity$FileAction) -> access$500
    199:227:void downloadFile(com.dropbox.core.v2.files.FileMetadata) -> downloadFile
    49:51:android.content.Intent getIntent(android.content.Context,java.lang.String) -> getIntent
    303:309:boolean hasPermissionsForAction(com.dropbox.core.examples.android.FilesActivity$FileAction) -> hasPermissionsForAction
    96:100:void launchFilePicker() -> launchFilePicker
    171:196:void loadData() -> loadData
    104:113:void onActivityResult(int,int,android.content.Intent) -> onActivityResult
    56:92:void onCreate(android.os.Bundle) -> onCreate
com.dropbox.core.examples.android.FilesActivity$1 -> com.dropbox.core.examples.android.FilesActivity$1:
    67:67:void <init>(com.dropbox.core.examples.android.FilesActivity) -> <init>
    70:71:void onClick(android.view.View) -> onClick
com.dropbox.core.examples.android.FilesActivity$2 -> com.dropbox.core.examples.android.FilesActivity$2:
    76:76:void <init>(com.dropbox.core.examples.android.FilesActivity) -> <init>
    84:86:void onFileClicked(com.dropbox.core.v2.files.FileMetadata) -> onFileClicked
    79:80:void onFolderClicked(com.dropbox.core.v2.files.FolderMetadata) -> onFolderClicked
...
okhttp3.internal.io.FileSystem$Companion$SYSTEM$1 -> okhttp3.internal.io.FileSystem$Companion$SYSTEM$1:
    47:47:void <init>() -> <init>
    64:64:okio.Sink appendingSink(java.io.File) -> appendingSink
    76:79:void delete(java.io.File) -> delete
    95:95:void deleteContents(java.io.File) -> deleteContents
    81:81:boolean exists(java.io.File) -> exists
    87:89:void rename(java.io.File,java.io.File) -> rename
    53:53:okio.Sink sink(java.io.File) -> sink
    83:83:long size(java.io.File) -> size
    49:49:okio.Source source(java.io.File) -> source
okhttp3.internal.platform.AndroidPlatform -> okhttp3.internal.platform.AndroidPlatform:
    227:227:void <clinit>() -> <clinit>
    42:49:void <init>() -> <init>
    42:42:boolean access$isSupported$cp() -> access$isSupported$cp
    139:145:boolean api23IsCleartextTrafficPermitted(java.lang.String,java.lang.Class,java.lang.Object) -> api23IsCleartextTrafficPermitted
    126:132:boolean api24IsCleartextTrafficPermitted(java.lang.String,java.lang.Class,java.lang.Object) -> api24IsCleartextTrafficPermitted
    148:158:okhttp3.internal.tls.CertificateChainCleaner buildCertificateChainCleaner(javax.net.ssl.X509TrustManager) -> buildCertificateChainCleaner
    160:169:okhttp3.internal.tls.TrustRootIndex buildTrustRootIndex(javax.net.ssl.X509TrustManager) -> buildTrustRootIndex
    80:82:void configureTlsExtensions(javax.net.ssl.SSLSocket,java.lang.String,java.util.List) -> configureTlsExtensions
    57:65:void connectSocket(java.net.Socket,java.net.InetSocketAddress,int) -> connectSocket
    86:86:java.lang.String getSelectedProtocol(javax.net.ssl.SSLSocket) -> getSelectedProtocol
    92:92:java.lang.Object getStackTraceForCloseable(java.lang.String) -> getStackTraceForCloseable
    103:103:boolean isCleartextTrafficPermitted(java.lang.String) -> isCleartextTrafficPermitted
    89:90:void log(int,java.lang.String,java.lang.Throwable) -> log
    95:100:void logCloseableLeak(java.lang.String,java.lang.Object) -> logCloseableLeak
okhttp3.internal.platform.AndroidPlatform$AndroidCertificateChainCleaner -> okhttp3.internal.platform.AndroidPlatform$AndroidCertificateChainCleaner:
    176:179:void <init>(java.lang.Object,java.lang.reflect.Method) -> <init>
    184:191:java.util.List clean(java.util.List,java.lang.String) -> clean
    197:197:boolean equals(java.lang.Object) -> equals
    199:199:int hashCode() -> hashCode
okhttp3.internal.platform.AndroidPlatform$Companion -> okhttp3.internal.platform.AndroidPlatform$Companion:
    226:226:void <init>() -> <init>
    226:226:void <init>(kotlin.jvm.internal.DefaultConstructorMarker) -> <init>
    239:239:okhttp3.internal.platform.Platform buildIfSupported() -> buildIfSupported
    227:227:boolean isSupported() -> isSupported
okhttp3.internal.platform.AndroidPlatform$CustomTrustRootIndex -> okhttp3.internal.platform.AndroidPlatform$CustomTrustRootIndex:
    209:209:void <init>(javax.net.ssl.X509TrustManager,java.lang.reflect.Method) -> <init>
    214:219:java.security.cert.X509Certificate findByIssuerAndSignature(java.security.cert.X509Certificate) -> findByIssuerAndSignature
okhttp3.internal.platform.ConscryptPlatform -> okhttp3.internal.platform.ConscryptPlatform:
    106:106:void <clinit>() -> <clinit>
    32:35:void <init>() -> <init>
    32:32:void <init>(kotlin.jvm.internal.DefaultConstructorMarker) -> <init>
    32:32:boolean access$isSupported$cp() -> access$isSupported$cp
    93:96:void configureSslSocketFactory(javax.net.ssl.SSLSocketFactory) -> configureSslSocketFactory
    70:83:void configureTlsExtensions(javax.net.ssl.SSLSocket,java.lang.String,java.util.List) -> configureTlsExtensions
    99:103:void configureTrustManager(javax.net.ssl.X509TrustManager) -> configureTrustManager
    86:90:java.lang.String getSelectedProtocol(javax.net.ssl.SSLSocket) -> getSelectedProtocol
    41:41:javax.net.ssl.SSLContext newSSLContext() -> newSSLContext
    44:44:javax.net.ssl.X509TrustManager platformTrustManager() -> platformTrustManager